<?xml version="1.0" encoding="UTF-8"?>
<!-- Generated by org.testng.reporters.JUnitReportReporter -->
<testsuite hostname="viral-PC" name="TestCases.SampleClass" tests="2" failures="0" timestamp="11 May 2015 03:27:44 GMT" time="0.005" errors="0">
  <testcase name="Test2" time="0.000" classname="TestCases.SampleClass"/>
  <testcase name="Test1" time="0.005" classname="TestCases.SampleClass"/>
</testsuite> <!-- TestCases.SampleClass -->
